<?xml version="1.0" encoding="UTF-8"?>
<testsuite name="devops.test.pharma.service.UserServiceTest" time="0.001" tests="3" errors="0" skipped="0" failures="0">
  <properties>
[...]
</properties>
  <testcase name="testDoRegistration" classname="devops.test.pharma.service.UserServiceTest" time="0.001"/>
  <testcase name="testUpdatePassword" classname="devops.test.pharma.service.UserServiceTest" time="0"/>
  <testcase name="testIsAutherozied" classname="devops.test.pharma.service.UserServiceTest" time="0"/>
</testsuite>